2025-05-31 12:10:30 error: ValidationError: "profileImage" is not allowed to be empty
2025-05-31 12:11:17 error: ValidationError: "profileImage" must be a valid uri
2025-05-31 12:39:09 error: Error: queryTxt EREFUSED cluster0.kez1ma6.mongodb.net
    at QueryReqWrap.onresolve [as oncomplete] (node:internal/dns/promises:291:17)
2025-05-31 12:39:17 error: ImageKit Upload Error: The "path" argument must be of type string or an instance of Buffer or URL. Received an instance of Object
2025-05-31 12:39:17 error: TypeError [ERR_INVALID_ARG_TYPE]: The "path" argument must be of type string or an instance of Buffer or URL. Received an instance of Object
    at Object.openSync (node:fs:571:10)
    at Object.readFileSync (node:fs:452:35)
    at uploadToImageKit (file:///D:/Web-Development/Projects/Croudly/backend/src/utils/imageKit.util.js:19:27)
    at signUp (file:///D:/Web-Development/Projects/Croudly/backend/src/controllers/user.controller.js:39:38)
    at process.processTicksAndRejections (node:internal/process/task_queues:95:5)
2025-05-31 12:42:30 error: ImageKit Upload Error: Missing fileName parameter for upload
2025-05-31 12:42:30 error: Upload error Missing fileName parameter for upload
2025-05-31 12:46:50 error: ImageKit Upload Error: Your account cannot be authenticated.
2025-05-31 12:46:50 error: Upload error Your account cannot be authenticated.
2025-06-04 10:15:39 error: ValidationError: "lastname" is not allowed
2025-06-04 10:57:28 error: Token not found
2025-06-04 10:58:34 error: Error: Access denied. Admins only.
    at new ApiError (file:///D:/Web-Development/Projects/Croudly/backend/src/utils/apiError.util.js:6:11)
    at isAdmin (file:///D:/Web-Development/Projects/Croudly/backend/src/middlewares/isAdmin.middleware.js:21:13)
    at process.processTicksAndRejections (node:internal/process/task_queues:95:5)
2025-06-04 11:10:50 error: Error: Access denied. Admins only.
    at new ApiError (file:///D:/Web-Development/Projects/Croudly/backend/src/utils/apiError.util.js:6:11)
    at isAdmin (file:///D:/Web-Development/Projects/Croudly/backend/src/middlewares/isAdmin.middleware.js:21:13)
    at process.processTicksAndRejections (node:internal/process/task_queues:95:5)
2025-06-04 11:45:16 error: Token not found
2025-06-04 17:42:19 error: User not found with this email or phone number
2025-06-04 17:42:40 error: User not found with this email or phone number
2025-06-04 17:46:52 error: Error: Forbidden
    at D:\Web-Development\Projects\Croudly\backend\node_modules\@sendgrid\client\src\classes\client.js:167:29
    at process.processTicksAndRejections (node:internal/process/task_queues:95:5)
2025-06-04 17:49:00 error: Error: Forbidden
    at D:\Web-Development\Projects\Croudly\backend\node_modules\@sendgrid\client\src\classes\client.js:167:29
    at process.processTicksAndRejections (node:internal/process/task_queues:95:5)
2025-06-04 17:49:34 error: Error: Forbidden
    at D:\Web-Development\Projects\Croudly\backend\node_modules\@sendgrid\client\src\classes\client.js:167:29
    at process.processTicksAndRejections (node:internal/process/task_queues:95:5)
2025-06-04 17:51:36 error: Error: Forbidden
    at D:\Web-Development\Projects\Croudly\backend\node_modules\@sendgrid\client\src\classes\client.js:167:29
    at process.processTicksAndRejections (node:internal/process/task_queues:95:5)
2025-06-04 17:53:11 error: Error: Forbidden
    at D:\Web-Development\Projects\Croudly\backend\node_modules\@sendgrid\client\src\classes\client.js:167:29
    at process.processTicksAndRejections (node:internal/process/task_queues:95:5)
2025-06-04 17:54:54 error: Error: Forbidden
    at D:\Web-Development\Projects\Croudly\backend\node_modules\@sendgrid\client\src\classes\client.js:167:29
    at process.processTicksAndRejections (node:internal/process/task_queues:95:5)
2025-06-04 17:55:34 error: Error: Forbidden
    at D:\Web-Development\Projects\Croudly\backend\node_modules\@sendgrid\client\src\classes\client.js:167:29
    at process.processTicksAndRejections (node:internal/process/task_queues:95:5)
2025-06-04 17:55:50 error: Error: Forbidden
    at D:\Web-Development\Projects\Croudly\backend\node_modules\@sendgrid\client\src\classes\client.js:167:29
    at process.processTicksAndRejections (node:internal/process/task_queues:95:5)
2025-06-04 18:23:59 error: Incorrect password
2025-06-04 18:26:49 error: Incorrect password
2025-06-04 18:26:53 error: Incorrect password
2025-06-04 18:27:43 error: Incorrect password
2025-06-04 18:27:51 error: Incorrect password
